time="2023-06-28T08:35:04+03:00" level=info msg="create router" func="main.main()" file="app.go : 16"
time="2023-06-28T08:35:04+03:00" level=info msg="register user handler" func="main.main()" file="app.go : 18"
time="2023-06-28T08:38:07+03:00" level=info msg="create router" func="main.main()" file="app.go : 16"
time="2023-06-28T08:38:07+03:00" level=info msg="register user handler" func="main.main()" file="app.go : 18"
time="2023-07-02T08:27:20+03:00" level=info msg="create router" func="main.main()" file="app.go : 21"
time="2023-07-02T08:27:20+03:00" level=info msg="read app config" func="rest-api/internal/config.GetConfig.func1()" file="config.go : 24"
time="2023-07-02T08:27:20+03:00" level=info func="rest-api/internal/config.GetConfig.func1()" file="config.go : 28"
time="2023-07-02T08:27:20+03:00" level=fatal msg="open config.yml: The system cannot find the file specified." func="rest-api/internal/config.GetConfig.func1()" file="config.go : 29"
time="2023-07-02T08:27:24+03:00" level=info msg="create router" func="main.main()" file="app.go : 21"
time="2023-07-02T08:27:24+03:00" level=info msg="read app config" func="rest-api/internal/config.GetConfig.func1()" file="config.go : 24"
time="2023-07-02T08:27:24+03:00" level=info func="rest-api/internal/config.GetConfig.func1()" file="config.go : 28"
time="2023-07-02T08:27:24+03:00" level=fatal msg="open config.yml: The system cannot find the file specified." func="rest-api/internal/config.GetConfig.func1()" file="config.go : 29"
time="2023-07-02T08:28:27+03:00" level=info msg="create router" func="main.main()" file="app.go : 21"
time="2023-07-02T08:28:27+03:00" level=info msg="read app config" func="rest-api/internal/config.GetConfig.func1()" file="config.go : 24"
time="2023-07-02T08:28:27+03:00" level=info func="rest-api/internal/config.GetConfig.func1()" file="config.go : 28"
time="2023-07-02T08:28:27+03:00" level=fatal msg="open config.yml: The system cannot find the file specified." func="rest-api/internal/config.GetConfig.func1()" file="config.go : 29"
time="2023-07-02T08:33:05+03:00" level=info msg="create router" func="main.main()" file="app.go : 21"
time="2023-07-02T08:33:05+03:00" level=info msg="read application config" func="rest-api/internal/config.GetConfig.func1()" file="config.go : 24"
time="2023-07-02T08:33:05+03:00" level=info func="rest-api/internal/config.GetConfig.func1()" file="config.go : 28"
time="2023-07-02T08:33:05+03:00" level=fatal msg="open config.yml: The system cannot find the file specified." func="rest-api/internal/config.GetConfig.func1()" file="config.go : 29"
time="2023-07-02T08:34:58+03:00" level=info msg="create router" func="main.main()" file="app.go : 21"
time="2023-07-02T08:34:58+03:00" level=info msg="read application config" func="rest-api/internal/config.GetConfig.func1()" file="config.go : 24"
time="2023-07-02T08:34:58+03:00" level=info func="rest-api/internal/config.GetConfig.func1()" file="config.go : 28"
time="2023-07-02T08:34:58+03:00" level=fatal msg="open config: The system cannot find the file specified." func="rest-api/internal/config.GetConfig.func1()" file="config.go : 29"
time="2023-07-02T08:35:15+03:00" level=info msg="create router" func="main.main()" file="app.go : 21"
time="2023-07-02T08:35:15+03:00" level=info msg="read application config" func="rest-api/internal/config.GetConfig.func1()" file="config.go : 24"
time="2023-07-02T08:35:15+03:00" level=info func="rest-api/internal/config.GetConfig.func1()" file="config.go : 28"
time="2023-07-02T08:35:15+03:00" level=fatal msg="open config.yml: The system cannot find the file specified." func="rest-api/internal/config.GetConfig.func1()" file="config.go : 29"
time="2023-07-02T08:36:47+03:00" level=info msg="create router" func="main.main()" file="app.go : 21"
time="2023-07-02T08:36:47+03:00" level=info msg="read application config" func="rest-api/internal/config.GetConfig.func1()" file="config.go : 24"
time="2023-07-02T08:36:47+03:00" level=info msg="register user handler" func="main.main()" file="app.go : 26"
time="2023-07-02T08:36:47+03:00" level=info msg="listen tcp" func="main.start()" file="app.go : 54"
time="2023-07-02T08:36:47+03:00" level=info msg="server is listening port 127.0.0.1:8080" func="main.start()" file="app.go : 67"
time="2023-07-02T08:37:58+03:00" level=info msg="create router" func="main.main()" file="app.go : 21"
time="2023-07-02T08:37:58+03:00" level=info msg="read application config" func="rest-api/internal/config.GetConfig.func1()" file="config.go : 24"
time="2023-07-02T08:37:58+03:00" level=info msg="register user handler" func="main.main()" file="app.go : 26"
time="2023-07-02T08:37:58+03:00" level=info msg="listen tcp" func="main.start()" file="app.go : 54"
time="2023-07-02T08:37:58+03:00" level=info msg="server is listening port 127.0.0.1:8080" func="main.start()" file="app.go : 67"
time="2023-07-02T08:38:58+03:00" level=info msg="create router" func="main.main()" file="app.go : 21"
time="2023-07-02T08:38:58+03:00" level=info msg="read application config" func="rest-api/internal/config.GetConfig.func1()" file="config.go : 24"
time="2023-07-02T08:38:58+03:00" level=info msg="register user handler" func="main.main()" file="app.go : 26"
time="2023-07-02T08:38:58+03:00" level=info msg="listen tcp" func="main.start()" file="app.go : 54"
time="2023-07-02T08:38:58+03:00" level=info msg="server is listening port 127.0.0.1:8080" func="main.start()" file="app.go : 67"
time="2023-07-02T08:39:22+03:00" level=info msg="create router" func="main.main()" file="app.go : 21"
time="2023-07-02T08:39:22+03:00" level=info msg="read application config" func="rest-api/internal/config.GetConfig.func1()" file="config.go : 24"
time="2023-07-02T08:39:22+03:00" level=info msg="register user handler" func="main.main()" file="app.go : 26"
time="2023-07-02T08:39:22+03:00" level=info msg="listen tcp" func="main.start()" file="app.go : 54"
time="2023-07-02T08:39:22+03:00" level=info msg="server is listening port 127.0.0.1:8080" func="main.start()" file="app.go : 67"
time="2023-07-02T08:41:30+03:00" level=info msg="create router" func="main.main()" file="app.go : 21"
time="2023-07-02T08:41:30+03:00" level=info msg="read application config" func="rest-api/internal/config.GetConfig.func1()" file="config.go : 24"
time="2023-07-02T08:41:30+03:00" level=info msg="register user handler" func="main.main()" file="app.go : 26"
time="2023-07-02T08:41:30+03:00" level=info msg="listen tcp" func="main.start()" file="app.go : 55"
time="2023-07-02T08:41:30+03:00" level=info msg="server is listening port 127.0.0.1:8080" func="main.start()" file="app.go : 57"
time="2023-07-02T08:41:41+03:00" level=info msg="create router" func="main.main()" file="app.go : 21"
time="2023-07-02T08:41:41+03:00" level=info msg="read application config" func="rest-api/internal/config.GetConfig.func1()" file="config.go : 24"
time="2023-07-02T08:41:41+03:00" level=info msg="register user handler" func="main.main()" file="app.go : 26"
time="2023-07-02T08:41:41+03:00" level=info msg="listen tcp" func="main.start()" file="app.go : 55"
time="2023-07-02T08:41:41+03:00" level=info msg="server is listening port 127.0.0.1:8080" func="main.start()" file="app.go : 57"
time="2023-07-02T08:43:46+03:00" level=info msg="create router" func="main.main()" file="app.go : 20"
time="2023-07-02T08:43:46+03:00" level=info msg="read application config" func="rest-api/internal/config.GetConfig.func1()" file="config.go : 24"
time="2023-07-02T08:43:46+03:00" level=info msg="register user handler" func="main.main()" file="app.go : 25"
time="2023-07-02T08:43:46+03:00" level=info msg="start application" func="main.start()" file="app.go : 35"
time="2023-07-02T08:43:46+03:00" level=info msg="listen tcp" func="main.start()" file="app.go : 54"
time="2023-07-02T08:43:46+03:00" level=info msg="server is listening port 127.0.0.1:8080" func="main.start()" file="app.go : 56"
time="2023-07-02T08:46:46+03:00" level=info msg="create router" func="main.main()" file="app.go : 20"
time="2023-07-02T08:46:46+03:00" level=info msg="read application configuration" func="rest-api/internal/config.GetConfig.func1()" file="config.go : 24"
time="2023-07-02T08:46:46+03:00" level=info msg="register user handler" func="main.main()" file="app.go : 25"
time="2023-07-02T08:46:46+03:00" level=info msg="start application" func="main.start()" file="app.go : 35"
time="2023-07-02T08:46:46+03:00" level=info msg="listen tcp" func="main.start()" file="app.go : 54"
time="2023-07-02T08:46:46+03:00" level=info msg="server is listening port 127.0.0.1:8080" func="main.start()" file="app.go : 56"
time="2023-07-02T08:48:48+03:00" level=info msg="create router" func="main.main()" file="app.go : 20"
time="2023-07-02T08:48:48+03:00" level=info msg="read application configuration" func="rest-api/internal/config.GetConfig.func1()" file="config.go : 24"
time="2023-07-02T08:48:48+03:00" level=info msg="register user handler" func="main.main()" file="app.go : 25"
time="2023-07-02T08:48:48+03:00" level=info msg="start application" func="main.start()" file="app.go : 35"
time="2023-07-02T08:48:48+03:00" level=info msg="listen tcp" func="main.start()" file="app.go : 55"
time="2023-07-02T08:48:48+03:00" level=info msg="server is listening port 127.0.0.1:8080" func="main.start()" file="app.go : 57"
time="2023-07-02T08:49:30+03:00" level=info msg="create router" func="main.main()" file="app.go : 20"
time="2023-07-02T08:49:30+03:00" level=info msg="read application configuration" func="rest-api/internal/config.GetConfig.func1()" file="config.go : 24"
time="2023-07-02T08:49:30+03:00" level=info msg="register user handler" func="main.main()" file="app.go : 25"
time="2023-07-02T08:49:30+03:00" level=info msg="start application" func="main.start()" file="app.go : 35"
time="2023-07-02T08:49:30+03:00" level=info msg="create app path" func="main.start()" file="app.go : 41"
time="2023-07-02T08:49:30+03:00" level=info msg="create socket" func="main.start()" file="app.go : 46"
time="2023-07-02T08:49:30+03:00" level=info msg="listen unix socket" func="main.start()" file="app.go : 49"
time="2023-07-02T08:49:30+03:00" level=info msg="server is listening unix socket: C:\\Users\\123\\Desktop\\rest-api\\build/app.sock" func="main.start()" file="app.go : 52"
time="2023-07-02T08:50:05+03:00" level=info msg="create router" func="main.main()" file="app.go : 20"
time="2023-07-02T08:50:05+03:00" level=info msg="read application configuration" func="rest-api/internal/config.GetConfig.func1()" file="config.go : 24"
time="2023-07-02T08:50:05+03:00" level=info msg="register user handler" func="main.main()" file="app.go : 25"
time="2023-07-02T08:50:05+03:00" level=info msg="start application" func="main.start()" file="app.go : 35"
time="2023-07-02T08:50:05+03:00" level=info msg="listen tcp" func="main.start()" file="app.go : 55"
time="2023-07-02T08:50:05+03:00" level=info msg="server is listening port :" func="main.start()" file="app.go : 57"
time="2023-07-02T08:50:19+03:00" level=info msg="create router" func="main.main()" file="app.go : 20"
time="2023-07-02T08:50:19+03:00" level=info msg="read application configuration" func="rest-api/internal/config.GetConfig.func1()" file="config.go : 24"
time="2023-07-02T08:50:19+03:00" level=info msg="register user handler" func="main.main()" file="app.go : 25"
time="2023-07-02T08:50:19+03:00" level=info msg="start application" func="main.start()" file="app.go : 35"
time="2023-07-02T08:50:19+03:00" level=info msg="create app path" func="main.start()" file="app.go : 41"
time="2023-07-02T08:50:19+03:00" level=info msg="create socket" func="main.start()" file="app.go : 46"
time="2023-07-02T08:50:19+03:00" level=info msg="listen unix socket" func="main.start()" file="app.go : 49"
time="2023-07-02T08:50:19+03:00" level=info msg="server is listening unix socket: C:\\Users\\123\\Desktop\\rest-api\\build/app.sock" func="main.start()" file="app.go : 52"
time="2023-07-02T08:50:49+03:00" level=info msg="create router" func="main.main()" file="app.go : 20"
time="2023-07-02T08:50:49+03:00" level=info msg="read application configuration" func="rest-api/internal/config.GetConfig.func1()" file="config.go : 24"
time="2023-07-02T08:50:49+03:00" level=info msg="register user handler" func="main.main()" file="app.go : 25"
time="2023-07-02T08:50:49+03:00" level=info msg="start application" func="main.start()" file="app.go : 35"
time="2023-07-02T08:50:49+03:00" level=info msg="create app path" func="main.start()" file="app.go : 41"
time="2023-07-02T08:50:49+03:00" level=info msg="create socket" func="main.start()" file="app.go : 46"
time="2023-07-02T08:50:49+03:00" level=info msg="listen unix socket" func="main.start()" file="app.go : 49"
time="2023-07-02T08:50:49+03:00" level=info msg="server is listening unix socket: C:\\Users\\123\\Desktop\\rest-api\\build/app.sock" func="main.start()" file="app.go : 52"
time="2023-07-02T09:03:20+03:00" level=info msg="create router" func="main.main()" file="app.go : 20"
time="2023-07-02T09:03:20+03:00" level=info msg="read application configuration" func="rest-api/internal/config.GetConfig.func1()" file="config.go : 24"
time="2023-07-02T09:03:20+03:00" level=info msg="register user handler" func="main.main()" file="app.go : 25"
time="2023-07-02T09:03:20+03:00" level=info msg="start application" func="main.start()" file="app.go : 35"
time="2023-07-02T09:03:20+03:00" level=info msg="create app path" func="main.start()" file="app.go : 41"
time="2023-07-02T09:03:20+03:00" level=info msg="create socket" func="main.start()" file="app.go : 46"
time="2023-07-02T09:03:20+03:00" level=info msg="listen unix socket" func="main.start()" file="app.go : 49"
time="2023-07-02T09:03:20+03:00" level=info msg="server is listening unix socket: C:\\Users\\123\\Desktop\\rest-api\\build/app.sock" func="main.start()" file="app.go : 52"
time="2023-07-02T09:15:47+03:00" level=info msg="create router" func="main.main()" file="app.go : 20"
time="2023-07-02T09:15:47+03:00" level=info msg="read application configuration" func="rest-api/internal/config.GetConfig.func1()" file="config.go : 24"
time="2023-07-02T09:15:47+03:00" level=info msg="register user handler" func="main.main()" file="app.go : 25"
time="2023-07-02T09:15:47+03:00" level=info msg="start application" func="main.start()" file="app.go : 35"
time="2023-07-02T09:15:47+03:00" level=info msg="create app path" func="main.start()" file="app.go : 41"
time="2023-07-02T09:15:47+03:00" level=info msg="create socket" func="main.start()" file="app.go : 46"
time="2023-07-02T09:15:47+03:00" level=info msg="listen unix socket" func="main.start()" file="app.go : 49"
time="2023-07-02T09:15:47+03:00" level=info msg="server is listening unix socket: C:\\Users\\123\\Desktop\\rest-api\\build/app.sock" func="main.start()" file="app.go : 52"
time="2023-07-02T09:17:36+03:00" level=info msg="create router" func="main.main()" file="app.go : 20"
time="2023-07-02T09:17:36+03:00" level=info msg="read application configuration" func="rest-api/internal/config.GetConfig.func1()" file="config.go : 24"
time="2023-07-02T09:17:36+03:00" level=info msg="register user handler" func="main.main()" file="app.go : 25"
time="2023-07-02T09:17:36+03:00" level=info msg="start application" func="main.start()" file="app.go : 35"
time="2023-07-02T09:17:36+03:00" level=info msg="create app path" func="main.start()" file="app.go : 41"
time="2023-07-02T09:17:36+03:00" level=info msg="create socket" func="main.start()" file="app.go : 46"
time="2023-07-02T09:17:36+03:00" level=info msg="listen unix socket" func="main.start()" file="app.go : 49"
time="2023-07-02T09:17:36+03:00" level=info msg="server is listening unix socket: C:\\Users\\123\\Desktop\\rest-api\\build/app.sock" func="main.start()" file="app.go : 52"
time="2023-07-02T09:17:36+03:00" level=panic msg="listen unix C:\\Users\\123\\Desktop\\rest-api\\build/app.sock: bind: Only one usage of each socket address (protocol/network address/port) is normally permitted." func="main.start()" file="app.go : 61"
time="2023-07-02T09:21:03+03:00" level=info msg="create router" func="main.main()" file="app.go : 20"
time="2023-07-02T09:21:03+03:00" level=info msg="read application configuration" func="rest-api/internal/config.GetConfig.func1()" file="config.go : 24"
time="2023-07-02T09:21:03+03:00" level=info msg="register user handler" func="main.main()" file="app.go : 25"
time="2023-07-02T09:21:03+03:00" level=info msg="start application" func="main.start()" file="app.go : 35"
time="2023-07-02T09:21:03+03:00" level=info msg="create app path" func="main.start()" file="app.go : 41"
time="2023-07-02T09:21:03+03:00" level=info msg="create socket" func="main.start()" file="app.go : 46"
time="2023-07-02T09:21:03+03:00" level=info msg="listen unix socket" func="main.start()" file="app.go : 49"
time="2023-07-02T09:21:03+03:00" level=info msg="server is listening unix socket: C:\\Users\\123\\Desktop\\rest-api\\build/app.sock" func="main.start()" file="app.go : 52"
time="2023-07-02T09:21:03+03:00" level=panic msg="listen unix C:\\Users\\123\\Desktop\\rest-api\\build/app.sock: bind: Only one usage of each socket address (protocol/network address/port) is normally permitted." func="main.start()" file="app.go : 61"
time="2023-07-02T16:36:11+03:00" level=info msg="create router" func="main.main()" file="app.go : 20"
time="2023-07-02T16:36:11+03:00" level=info msg="read application configuration" func="rest-api/internal/config.GetConfig.func1()" file="config.go : 24"
time="2023-07-02T16:36:11+03:00" level=info msg="register user handler" func="main.main()" file="app.go : 25"
time="2023-07-02T16:36:11+03:00" level=info msg="start application" func="main.start()" file="app.go : 35"
time="2023-07-02T16:36:11+03:00" level=info msg="create app path" func="main.start()" file="app.go : 41"
time="2023-07-02T16:36:11+03:00" level=info msg="create socket" func="main.start()" file="app.go : 46"
time="2023-07-02T16:36:11+03:00" level=info msg="listen unix socket" func="main.start()" file="app.go : 49"
time="2023-07-02T16:36:11+03:00" level=info msg="server is listening unix socket: C:\\Users\\123\\Desktop\\rest-api\\build/app.sock" func="main.start()" file="app.go : 52"
time="2023-07-02T16:36:11+03:00" level=panic msg="listen unix C:\\Users\\123\\Desktop\\rest-api\\build/app.sock: bind: Only one usage of each socket address (protocol/network address/port) is normally permitted." func="main.start()" file="app.go : 61"
time="2023-07-02T16:38:58+03:00" level=info msg="create router" func="main.main()" file="app.go : 20"
time="2023-07-02T16:38:58+03:00" level=info msg="read application configuration" func="rest-api/internal/config.GetConfig.func1()" file="config.go : 24"
time="2023-07-02T16:38:58+03:00" level=info msg="register user handler" func="main.main()" file="app.go : 25"
time="2023-07-02T16:38:58+03:00" level=info msg="start application" func="main.start()" file="app.go : 35"
time="2023-07-02T16:38:58+03:00" level=info msg="create app path" func="main.start()" file="app.go : 41"
time="2023-07-02T16:38:58+03:00" level=info msg="create socket" func="main.start()" file="app.go : 46"
time="2023-07-02T16:38:58+03:00" level=info msg="listen unix socket" func="main.start()" file="app.go : 49"
time="2023-07-02T16:38:58+03:00" level=info msg="server is listening unix socket: C:\\Users\\123\\Desktop\\rest-api\\build/app.sock" func="main.start()" file="app.go : 52"
time="2023-07-02T16:38:58+03:00" level=panic msg="listen unix C:\\Users\\123\\Desktop\\rest-api\\build/app.sock: bind: Only one usage of each socket address (protocol/network address/port) is normally permitted." func="main.start()" file="app.go : 61"
time="2023-07-02T16:39:31+03:00" level=info msg="create router" func="main.main()" file="app.go : 20"
time="2023-07-02T16:39:31+03:00" level=info msg="read application configuration" func="rest-api/internal/config.GetConfig.func1()" file="config.go : 24"
time="2023-07-02T16:39:31+03:00" level=info msg="register user handler" func="main.main()" file="app.go : 25"
time="2023-07-02T16:39:31+03:00" level=info msg="start application" func="main.start()" file="app.go : 35"
time="2023-07-02T16:39:31+03:00" level=info msg="listen tcp" func="main.start()" file="app.go : 55"
time="2023-07-02T16:39:31+03:00" level=info msg="server is listening port 127.0.0.1:8080" func="main.start()" file="app.go : 57"
time="2023-07-02T16:51:33+03:00" level=info msg="create router" func="main.main()" file="app.go : 20"
time="2023-07-02T16:51:33+03:00" level=info msg="read application configuration" func="rest-api/internal/config.GetConfig.func1()" file="config.go : 24"
time="2023-07-02T16:51:33+03:00" level=info msg="register user handler" func="main.main()" file="app.go : 25"
time="2023-07-02T16:51:33+03:00" level=info msg="start application" func="main.start()" file="app.go : 35"
time="2023-07-02T16:51:33+03:00" level=info msg="listen tcp" func="main.start()" file="app.go : 55"
time="2023-07-02T16:51:33+03:00" level=info msg="server is listening port 127.0.0.1:8080" func="main.start()" file="app.go : 57"
time="2023-07-02T16:51:46+03:00" level=info msg="create router" func="main.main()" file="app.go : 20"
time="2023-07-02T16:51:46+03:00" level=info msg="read application configuration" func="rest-api/internal/config.GetConfig.func1()" file="config.go : 24"
time="2023-07-02T16:51:46+03:00" level=info msg="register user handler" func="main.main()" file="app.go : 25"
time="2023-07-02T16:51:46+03:00" level=info msg="start application" func="main.start()" file="app.go : 35"
time="2023-07-02T16:51:46+03:00" level=info msg="create app path" func="main.start()" file="app.go : 41"
time="2023-07-02T16:51:46+03:00" level=info msg="create socket" func="main.start()" file="app.go : 46"
time="2023-07-02T16:51:46+03:00" level=info msg="listen unix socket" func="main.start()" file="app.go : 49"
time="2023-07-02T16:51:46+03:00" level=info msg="server is listening unix socket: C:\\Users\\123\\Desktop\\rest-api\\build/app.sock" func="main.start()" file="app.go : 52"
time="2023-07-02T16:51:46+03:00" level=panic msg="listen unix C:\\Users\\123\\Desktop\\rest-api\\build/app.sock: bind: Only one usage of each socket address (protocol/network address/port) is normally permitted." func="main.start()" file="app.go : 61"
time="2023-07-02T16:51:56+03:00" level=info msg="create router" func="main.main()" file="app.go : 20"
time="2023-07-02T16:51:56+03:00" level=info msg="read application configuration" func="rest-api/internal/config.GetConfig.func1()" file="config.go : 24"
time="2023-07-02T16:51:56+03:00" level=info msg="register user handler" func="main.main()" file="app.go : 25"
time="2023-07-02T16:51:56+03:00" level=info msg="start application" func="main.start()" file="app.go : 35"
time="2023-07-02T16:51:56+03:00" level=info msg="listen tcp" func="main.start()" file="app.go : 55"
time="2023-07-02T16:51:56+03:00" level=info msg="server is listening port 127.0.0.1:8080" func="main.start()" file="app.go : 57"
time="2023-07-02T16:52:38+03:00" level=info msg="create router" func="main.main()" file="app.go : 20"
time="2023-07-02T16:52:38+03:00" level=info msg="read application configuration" func="rest-api/internal/config.GetConfig.func1()" file="config.go : 24"
time="2023-07-02T16:52:38+03:00" level=info msg="register user handler" func="main.main()" file="app.go : 25"
time="2023-07-02T16:52:38+03:00" level=info msg="start application" func="main.start()" file="app.go : 35"
time="2023-07-02T16:52:38+03:00" level=info msg="listen tcp" func="main.start()" file="app.go : 55"
time="2023-07-02T16:52:38+03:00" level=info msg="server is listening port :" func="main.start()" file="app.go : 57"
time="2023-07-02T16:52:46+03:00" level=info msg="create router" func="main.main()" file="app.go : 20"
time="2023-07-02T16:52:46+03:00" level=info msg="read application configuration" func="rest-api/internal/config.GetConfig.func1()" file="config.go : 24"
time="2023-07-02T16:52:46+03:00" level=info msg="register user handler" func="main.main()" file="app.go : 25"
time="2023-07-02T16:52:46+03:00" level=info msg="start application" func="main.start()" file="app.go : 35"
time="2023-07-02T16:52:46+03:00" level=info msg="listen tcp" func="main.start()" file="app.go : 55"
time="2023-07-02T16:52:46+03:00" level=info msg="server is listening port :" func="main.start()" file="app.go : 57"
time="2023-07-02T16:54:57+03:00" level=info msg="create router" func="main.main()" file="app.go : 20"
time="2023-07-02T16:54:57+03:00" level=info msg="read application configuration" func="rest-api/internal/config.GetConfig.func1()" file="config.go : 24"
time="2023-07-02T16:54:57+03:00" level=info msg="register user handler" func="main.main()" file="app.go : 25"
time="2023-07-02T16:54:57+03:00" level=info msg="start application" func="main.start()" file="app.go : 35"
time="2023-07-02T16:54:57+03:00" level=info msg="create app path" func="main.start()" file="app.go : 41"
time="2023-07-02T16:54:57+03:00" level=info msg="create socket" func="main.start()" file="app.go : 46"
time="2023-07-02T16:54:57+03:00" level=info msg="listen unix socket" func="main.start()" file="app.go : 49"
time="2023-07-02T16:54:57+03:00" level=info msg="server is listening unix socket: C:\\Users\\123\\Desktop\\rest-api\\build/app.sock" func="main.start()" file="app.go : 52"
time="2023-07-02T16:54:57+03:00" level=panic msg="listen unix C:\\Users\\123\\Desktop\\rest-api\\build/app.sock: bind: Only one usage of each socket address (protocol/network address/port) is normally permitted." func="main.start()" file="app.go : 61"
time="2023-07-02T16:56:36+03:00" level=info msg="create router" func="main.main()" file="app.go : 20"
time="2023-07-02T16:56:36+03:00" level=info msg="read application configuration" func="rest-api/internal/config.GetConfig.func1()" file="config.go : 24"
time="2023-07-02T16:56:36+03:00" level=info msg="register user handler" func="main.main()" file="app.go : 25"
time="2023-07-02T16:56:36+03:00" level=info msg="start application" func="main.start()" file="app.go : 35"
time="2023-07-02T16:56:36+03:00" level=info msg="listen tcp" func="main.start()" file="app.go : 55"
time="2023-07-02T16:56:36+03:00" level=info msg="server is listening port 127.0.0.1:8080" func="main.start()" file="app.go : 57"
time="2023-07-02T17:09:12+03:00" level=info msg="create router" func="main.main()" file="app.go : 20"
time="2023-07-02T17:09:12+03:00" level=info msg="read application configuration" func="rest-api/internal/config.GetConfig.func1()" file="config.go : 24"
time="2023-07-02T17:09:12+03:00" level=info msg="register user handler" func="main.main()" file="app.go : 25"
time="2023-07-02T17:09:12+03:00" level=info msg="start application" func="main.start()" file="app.go : 35"
time="2023-07-02T17:09:12+03:00" level=info msg="listen tcp" func="main.start()" file="app.go : 55"
time="2023-07-02T17:09:12+03:00" level=info msg="server is listening port 127.0.0.1:8080" func="main.start()" file="app.go : 57"
time="2023-07-02T17:26:43+03:00" level=info msg="create router" func="main.main()" file="app.go : 20"
time="2023-07-02T17:26:43+03:00" level=info msg="read application configuration" func="rest-api/internal/config.GetConfig.func1()" file="config.go : 24"
time="2023-07-02T17:26:43+03:00" level=info msg="register user handler" func="main.main()" file="app.go : 25"
time="2023-07-02T17:26:43+03:00" level=info msg="start application" func="main.start()" file="app.go : 35"
time="2023-07-02T17:26:43+03:00" level=info msg="listen tcp" func="main.start()" file="app.go : 55"
time="2023-07-02T17:26:43+03:00" level=info msg="server is listening port 127.0.0.1:8080" func="main.start()" file="app.go : 57"
time="2023-07-02T17:31:02+03:00" level=info msg="create router" func="main.main()" file="app.go : 20"
time="2023-07-02T17:31:02+03:00" level=info msg="read application configuration" func="rest-api/internal/config.GetConfig.func1()" file="config.go : 24"
time="2023-07-02T17:31:02+03:00" level=info msg="register user handler" func="main.main()" file="app.go : 25"
time="2023-07-02T17:31:02+03:00" level=info msg="start application" func="main.start()" file="app.go : 35"
time="2023-07-02T17:31:02+03:00" level=info msg="listen tcp" func="main.start()" file="app.go : 55"
time="2023-07-02T17:31:02+03:00" level=info msg="server is listening port 127.0.0.1:8080" func="main.start()" file="app.go : 57"
time="2023-07-02T17:31:14+03:00" level=info msg="create router" func="main.main()" file="app.go : 20"
time="2023-07-02T17:31:14+03:00" level=info msg="read application configuration" func="rest-api/internal/config.GetConfig.func1()" file="config.go : 24"
time="2023-07-02T17:31:14+03:00" level=info msg="register user handler" func="main.main()" file="app.go : 25"
time="2023-07-02T17:31:14+03:00" level=info msg="start application" func="main.start()" file="app.go : 35"
time="2023-07-02T17:31:14+03:00" level=info msg="listen tcp" func="main.start()" file="app.go : 55"
time="2023-07-02T17:31:14+03:00" level=info msg="server is listening port 127.0.0.1:8080" func="main.start()" file="app.go : 57"
time="2023-07-02T17:31:43+03:00" level=info msg="create router" func="main.main()" file="app.go : 20"
time="2023-07-02T17:31:43+03:00" level=info msg="read application configuration" func="rest-api/internal/config.GetConfig.func1()" file="config.go : 24"
time="2023-07-02T17:31:43+03:00" level=info msg="register user handler" func="main.main()" file="app.go : 25"
time="2023-07-02T17:31:43+03:00" level=info msg="start application" func="main.start()" file="app.go : 35"
time="2023-07-02T17:31:43+03:00" level=info msg="listen tcp" func="main.start()" file="app.go : 55"
time="2023-07-02T17:31:43+03:00" level=info msg="server is listening port localhost:8888" func="main.start()" file="app.go : 57"
time="2023-07-02T17:32:23+03:00" level=info msg="create router" func="main.main()" file="app.go : 20"
time="2023-07-02T17:32:23+03:00" level=info msg="read application configuration" func="rest-api/internal/config.GetConfig.func1()" file="config.go : 24"
time="2023-07-02T17:32:23+03:00" level=info msg="register user handler" func="main.main()" file="app.go : 25"
time="2023-07-02T17:32:23+03:00" level=info msg="start application" func="main.start()" file="app.go : 35"
time="2023-07-02T17:32:23+03:00" level=info msg="listen tcp" func="main.start()" file="app.go : 55"
time="2023-07-02T17:32:23+03:00" level=info msg="server is listening port localhost:8888" func="main.start()" file="app.go : 57"
time="2023-07-02T17:32:40+03:00" level=info msg="create router" func="main.main()" file="app.go : 20"
time="2023-07-02T17:32:40+03:00" level=info msg="read application configuration" func="rest-api/internal/config.GetConfig.func1()" file="config.go : 24"
time="2023-07-02T17:32:40+03:00" level=info msg="register user handler" func="main.main()" file="app.go : 25"
time="2023-07-02T17:32:40+03:00" level=info msg="start application" func="main.start()" file="app.go : 35"
time="2023-07-02T17:32:40+03:00" level=info msg="listen tcp" func="main.start()" file="app.go : 55"
time="2023-07-02T17:32:40+03:00" level=info msg="server is listening port 120.0.0.0:8888" func="main.start()" file="app.go : 57"
time="2023-07-02T17:32:40+03:00" level=panic msg="listen tcp 120.0.0.0:8888: bind: The requested address is not valid in its context." func="main.start()" file="app.go : 61"
time="2023-07-02T17:32:54+03:00" level=info msg="create router" func="main.main()" file="app.go : 20"
time="2023-07-02T17:32:54+03:00" level=info msg="read application configuration" func="rest-api/internal/config.GetConfig.func1()" file="config.go : 24"
time="2023-07-02T17:32:54+03:00" level=info msg="register user handler" func="main.main()" file="app.go : 25"
time="2023-07-02T17:32:54+03:00" level=info msg="start application" func="main.start()" file="app.go : 35"
time="2023-07-02T17:32:54+03:00" level=info msg="listen tcp" func="main.start()" file="app.go : 55"
time="2023-07-02T17:32:54+03:00" level=info msg="server is listening port 127.0.0.1:8888" func="main.start()" file="app.go : 57"
time="2023-07-02T17:34:57+03:00" level=info msg="create router" func="main.main()" file="app.go : 20"
time="2023-07-02T17:34:57+03:00" level=info msg="read application configuration" func="rest-api/internal/config.GetConfig.func1()" file="config.go : 24"
time="2023-07-02T17:34:57+03:00" level=info msg="register user handler" func="main.main()" file="app.go : 25"
time="2023-07-02T17:34:57+03:00" level=info msg="start application" func="main.start()" file="app.go : 35"
time="2023-07-02T17:34:57+03:00" level=info msg="listen tcp" func="main.start()" file="app.go : 55"
time="2023-07-02T17:34:57+03:00" level=info msg="server is listening port 127.0.0.1:1337" func="main.start()" file="app.go : 57"
time="2023-07-02T19:47:41+03:00" level=info msg="create router" func="main.main()" file="app.go : 20"
time="2023-07-02T19:47:41+03:00" level=info msg="read application configuration" func="rest-api/internal/config.GetConfig.func1()" file="config.go : 24"
time="2023-07-02T19:47:41+03:00" level=info msg="register user handler" func="main.main()" file="app.go : 25"
time="2023-07-02T19:47:41+03:00" level=info msg="start application" func="main.start()" file="app.go : 35"
time="2023-07-02T19:47:41+03:00" level=info msg="listen tcp" func="main.start()" file="app.go : 55"
time="2023-07-02T19:47:41+03:00" level=info msg="server is listening port 127.0.0.1:1337" func="main.start()" file="app.go : 57"
time="2023-07-02T19:48:44+03:00" level=info msg="create router" func="main.main()" file="app.go : 20"
time="2023-07-02T19:48:44+03:00" level=info msg="read application configuration" func="rest-api/internal/config.GetConfig.func1()" file="config.go : 24"
time="2023-07-02T19:48:44+03:00" level=info msg="register user handler" func="main.main()" file="app.go : 25"
time="2023-07-02T19:48:44+03:00" level=info msg="start application" func="main.start()" file="app.go : 35"
time="2023-07-02T19:48:44+03:00" level=info msg="listen tcp" func="main.start()" file="app.go : 55"
time="2023-07-02T19:48:44+03:00" level=info msg="server is listening port 127.0.0.1:8080" func="main.start()" file="app.go : 57"
time="2023-07-02T19:49:25+03:00" level=info msg="create router" func="main.main()" file="app.go : 20"
time="2023-07-02T19:49:25+03:00" level=info msg="read application configuration" func="rest-api/internal/config.GetConfig.func1()" file="config.go : 24"
time="2023-07-02T19:49:25+03:00" level=info msg="register user handler" func="main.main()" file="app.go : 25"
time="2023-07-02T19:49:25+03:00" level=info msg="start application" func="main.start()" file="app.go : 35"
time="2023-07-02T19:49:25+03:00" level=info msg="listen tcp" func="main.start()" file="app.go : 55"
time="2023-07-02T19:49:25+03:00" level=info msg="server is listening port 128.128.128.128:8080" func="main.start()" file="app.go : 57"
time="2023-07-02T19:49:25+03:00" level=panic msg="listen tcp 128.128.128.128:8080: bind: The requested address is not valid in its context." func="main.start()" file="app.go : 61"
time="2023-07-02T19:49:34+03:00" level=info msg="create router" func="main.main()" file="app.go : 20"
time="2023-07-02T19:49:34+03:00" level=info msg="read application configuration" func="rest-api/internal/config.GetConfig.func1()" file="config.go : 24"
time="2023-07-02T19:49:34+03:00" level=info msg="register user handler" func="main.main()" file="app.go : 25"
time="2023-07-02T19:49:34+03:00" level=info msg="start application" func="main.start()" file="app.go : 35"
time="2023-07-02T19:49:34+03:00" level=info msg="listen tcp" func="main.start()" file="app.go : 55"
time="2023-07-02T19:49:34+03:00" level=info msg="server is listening port localhost:8080" func="main.start()" file="app.go : 57"
time="2023-07-03T16:26:41+03:00" level=info msg="create router" func="main.main()" file="app.go : 20"
time="2023-07-03T16:26:41+03:00" level=info msg="read application configuration" func="rest-api/internal/config.GetConfig.func1()" file="config.go : 24"
time="2023-07-03T16:26:41+03:00" level=info msg="register user handler" func="main.main()" file="app.go : 25"
time="2023-07-03T16:26:41+03:00" level=info msg="start application" func="main.start()" file="app.go : 35"
time="2023-07-03T16:26:41+03:00" level=info msg="listen tcp" func="main.start()" file="app.go : 55"
time="2023-07-03T16:26:41+03:00" level=info msg="server is listening port localhost:8080" func="main.start()" file="app.go : 57"
time="2023-07-03T16:27:28+03:00" level=info msg="create router" func="main.main()" file="app.go : 20"
time="2023-07-03T16:27:28+03:00" level=info msg="read application configuration" func="rest-api/internal/config.GetConfig.func1()" file="config.go : 24"
time="2023-07-03T16:27:28+03:00" level=info msg="register user handler" func="main.main()" file="app.go : 25"
time="2023-07-03T16:27:28+03:00" level=info msg="start application" func="main.start()" file="app.go : 35"
time="2023-07-03T16:27:28+03:00" level=info msg="listen tcp" func="main.start()" file="app.go : 55"
time="2023-07-03T16:27:28+03:00" level=info msg="server is listening port 127.0.0.1:1337" func="main.start()" file="app.go : 57"
time="2023-07-04T22:21:51+03:00" level=info msg="create router" func="main.main()" file="app.go : 20"
time="2023-07-04T22:21:51+03:00" level=info msg="read application configuration" func="rest-api/internal/config.GetConfig.func1()" file="config.go : 24"
time="2023-07-04T22:21:51+03:00" level=info msg="register user handler" func="main.main()" file="app.go : 25"
time="2023-07-04T22:21:51+03:00" level=info msg="start application" func="main.start()" file="app.go : 35"
time="2023-07-04T22:21:51+03:00" level=info msg="listen tcp" func="main.start()" file="app.go : 55"
time="2023-07-04T22:21:51+03:00" level=info msg="server is listening port 127.0.0.1:1337" func="main.start()" file="app.go : 57"
time="2023-07-05T07:20:15+03:00" level=info msg="create router" func="main.main()" file="app.go : 23"
time="2023-07-05T07:20:15+03:00" level=info msg="read application configuration" func="rest-api/internal/config.GetConfig.func1()" file="config.go : 33"
time="2023-07-05T07:22:08+03:00" level=info msg="create router" func="main.main()" file="app.go : 23"
time="2023-07-05T07:22:08+03:00" level=info msg="read application configuration" func="rest-api/internal/config.GetConfig.func1()" file="config.go : 33"
time="2023-07-05T07:23:30+03:00" level=info msg="create router" func="main.main()" file="app.go : 23"
time="2023-07-05T07:23:30+03:00" level=info msg="read application configuration" func="rest-api/internal/config.GetConfig.func1()" file="config.go : 33"
time="2023-07-05T07:23:30+03:00" level=debug msg="create user" func="rest-api/internal/user/db.(*db).Create()" file="mongodb.go : 20"
time="2023-07-05T07:23:30+03:00" level=debug msg="convert InsertID to ObjectID" func="rest-api/internal/user/db.(*db).Create()" file="mongodb.go : 26"
time="2023-07-05T07:23:30+03:00" level=info msg=64a4f042caad7dbf0add941e func="main.main()" file="app.go : 46"
time="2023-07-05T07:23:30+03:00" level=info msg="register user handler" func="main.main()" file="app.go : 48"
time="2023-07-05T07:23:30+03:00" level=info msg="start application" func="main.start()" file="app.go : 58"
time="2023-07-05T07:23:30+03:00" level=info msg="create app path" func="main.start()" file="app.go : 64"
time="2023-07-05T07:23:30+03:00" level=info msg="create socket" func="main.start()" file="app.go : 69"
time="2023-07-05T07:23:30+03:00" level=info msg="listen unix socket" func="main.start()" file="app.go : 72"
time="2023-07-05T07:23:30+03:00" level=info msg="server is listening unix socket: C:\\Users\\123\\Desktop\\rest-api\\build/app.sock" func="main.start()" file="app.go : 75"
time="2023-07-05T07:23:30+03:00" level=panic msg="listen unix C:\\Users\\123\\Desktop\\rest-api\\build/app.sock: bind: Only one usage of each socket address (protocol/network address/port) is normally permitted." func="main.start()" file="app.go : 84"
time="2023-07-05T07:24:47+03:00" level=info msg="create router" func="main.main()" file="app.go : 23"
time="2023-07-05T07:24:47+03:00" level=info msg="read application configuration" func="rest-api/internal/config.GetConfig.func1()" file="config.go : 33"
time="2023-07-05T07:24:47+03:00" level=debug msg="create user" func="rest-api/internal/user/db.(*db).Create()" file="mongodb.go : 20"
time="2023-07-05T07:24:47+03:00" level=debug msg="convert InsertID to ObjectID" func="rest-api/internal/user/db.(*db).Create()" file="mongodb.go : 26"
time="2023-07-05T07:24:47+03:00" level=info msg=64a4f08f26388744ec31b609 func="main.main()" file="app.go : 46"
time="2023-07-05T07:24:47+03:00" level=info msg="register user handler" func="main.main()" file="app.go : 48"
time="2023-07-05T07:24:47+03:00" level=info msg="start application" func="main.start()" file="app.go : 58"
time="2023-07-05T07:24:47+03:00" level=info msg="listen tcp" func="main.start()" file="app.go : 78"
time="2023-07-05T07:24:47+03:00" level=info msg="server is listening port localhost:1337" func="main.start()" file="app.go : 80"
time="2023-07-05T07:31:22+03:00" level=info msg="create router" func="main.main()" file="app.go : 23"
time="2023-07-05T07:31:22+03:00" level=info msg="read application configuration" func="rest-api/internal/config.GetConfig.func1()" file="config.go : 33"
time="2023-07-05T07:31:22+03:00" level=debug msg="create user" func="rest-api/internal/user/db.(*db).Create()" file="mongodb.go : 20"
time="2023-07-05T07:31:22+03:00" level=debug msg="convert InsertID to ObjectID" func="rest-api/internal/user/db.(*db).Create()" file="mongodb.go : 26"
time="2023-07-05T07:31:22+03:00" level=info msg=64a4f21a5902b84879214351 func="main.main()" file="app.go : 46"
time="2023-07-05T07:31:22+03:00" level=debug msg="create user" func="rest-api/internal/user/db.(*db).Create()" file="mongodb.go : 20"
time="2023-07-05T07:31:22+03:00" level=debug msg="convert InsertID to ObjectID" func="rest-api/internal/user/db.(*db).Create()" file="mongodb.go : 26"
time="2023-07-05T07:31:22+03:00" level=info msg=64a4f21a5902b84879214352 func="main.main()" file="app.go : 58"
time="2023-07-05T07:31:22+03:00" level=trace msg="Matched 1 documents and Modified 1 documents" func="rest-api/internal/user/db.(*db).Update()" file="mongodb.go : 90"
time="2023-07-05T07:31:22+03:00" level=trace msg="Deleted 1 documents " func="rest-api/internal/user/db.(*db).Delete()" file="mongodb.go : 109"
time="2023-07-05T07:32:25+03:00" level=info msg="create router" func="main.main()" file="app.go : 23"
time="2023-07-05T07:32:25+03:00" level=info msg="read application configuration" func="rest-api/internal/config.GetConfig.func1()" file="config.go : 33"
time="2023-07-05T07:32:25+03:00" level=debug msg="create user" func="rest-api/internal/user/db.(*db).Create()" file="mongodb.go : 20"
time="2023-07-05T07:32:25+03:00" level=debug msg="convert InsertID to ObjectID" func="rest-api/internal/user/db.(*db).Create()" file="mongodb.go : 26"
time="2023-07-05T07:32:25+03:00" level=info msg=64a4f259b4c390872bde1326 func="main.main()" file="app.go : 46"
time="2023-07-05T07:32:25+03:00" level=debug msg="create user" func="rest-api/internal/user/db.(*db).Create()" file="mongodb.go : 20"
time="2023-07-05T07:32:25+03:00" level=debug msg="convert InsertID to ObjectID" func="rest-api/internal/user/db.(*db).Create()" file="mongodb.go : 26"
time="2023-07-05T07:32:25+03:00" level=info msg=64a4f259b4c390872bde1327 func="main.main()" file="app.go : 58"
time="2023-07-05T07:32:25+03:00" level=trace msg="Matched 1 documents and Modified 1 documents" func="rest-api/internal/user/db.(*db).Update()" file="mongodb.go : 90"
time="2023-07-05T07:32:25+03:00" level=info msg="register user handler" func="main.main()" file="app.go : 72"
time="2023-07-05T07:32:25+03:00" level=info msg="start application" func="main.start()" file="app.go : 82"
time="2023-07-05T07:32:25+03:00" level=info msg="listen tcp" func="main.start()" file="app.go : 102"
time="2023-07-05T07:32:25+03:00" level=info msg="server is listening port localhost:1337" func="main.start()" file="app.go : 104"
time="2023-07-05T07:46:31+03:00" level=info msg="create router" func="main.main()" file="app.go : 23"
time="2023-07-05T07:46:31+03:00" level=info msg="read application configuration" func="rest-api/internal/config.GetConfig.func1()" file="config.go : 33"
time="2023-07-05T07:47:04+03:00" level=info msg="create router" func="main.main()" file="app.go : 23"
time="2023-07-05T07:47:04+03:00" level=info msg="read application configuration" func="rest-api/internal/config.GetConfig.func1()" file="config.go : 33"
time="2023-07-05T08:07:45+03:00" level=info msg="create router" func="main.main()" file="app.go : 20"
time="2023-07-05T08:07:45+03:00" level=info msg="read application configuration" func="rest-api/internal/config.GetConfig.func1()" file="config.go : 33"
time="2023-07-05T08:07:45+03:00" level=info msg="register user handler" func="main.main()" file="app.go : 25"
time="2023-07-05T08:07:45+03:00" level=info msg="start application" func="main.start()" file="app.go : 35"
time="2023-07-05T08:07:45+03:00" level=info msg="listen tcp" func="main.start()" file="app.go : 55"
time="2023-07-05T08:07:45+03:00" level=info msg="server is listening port localhost:1337" func="main.start()" file="app.go : 57"
time="2023-07-05T08:08:16+03:00" level=info msg="create router" func="main.main()" file="app.go : 20"
time="2023-07-05T08:08:16+03:00" level=info msg="read application configuration" func="rest-api/internal/config.GetConfig.func1()" file="config.go : 33"
time="2023-07-05T08:08:16+03:00" level=info msg="register user handler" func="main.main()" file="app.go : 25"
time="2023-07-05T08:08:16+03:00" level=info msg="start application" func="main.start()" file="app.go : 35"
time="2023-07-05T08:08:16+03:00" level=info msg="create app path" func="main.start()" file="app.go : 41"
time="2023-07-05T08:08:16+03:00" level=info msg="create socket" func="main.start()" file="app.go : 46"
time="2023-07-05T08:08:16+03:00" level=info msg="listen unix socket" func="main.start()" file="app.go : 49"
time="2023-07-05T08:08:16+03:00" level=info msg="server is listening unix socket: C:\\Users\\123\\Desktop\\rest-api\\build/app.sock" func="main.start()" file="app.go : 52"
time="2023-07-05T08:08:16+03:00" level=panic msg="listen unix C:\\Users\\123\\Desktop\\rest-api\\build/app.sock: bind: Only one usage of each socket address (protocol/network address/port) is normally permitted." func="main.start()" file="app.go : 61"
time="2023-07-05T08:11:51+03:00" level=info msg="create router" func="main.main()" file="app.go : 20"
time="2023-07-05T08:11:51+03:00" level=info msg="read application configuration" func="rest-api/internal/config.GetConfig.func1()" file="config.go : 33"
time="2023-07-05T08:11:51+03:00" level=info msg="register user handler" func="main.main()" file="app.go : 25"
time="2023-07-05T08:11:51+03:00" level=info msg="start application" func="main.start()" file="app.go : 35"
time="2023-07-05T08:11:51+03:00" level=info msg="listen tcp" func="main.start()" file="app.go : 55"
time="2023-07-05T08:11:51+03:00" level=info msg="server is listening port :" func="main.start()" file="app.go : 57"
time="2023-07-05T08:13:18+03:00" level=info msg="create router" func="main.main()" file="app.go : 20"
time="2023-07-05T08:13:18+03:00" level=info msg="read application configuration" func="rest-api/internal/config.GetConfig.func1()" file="config.go : 33"
time="2023-07-05T08:13:18+03:00" level=info msg="register user handler" func="main.main()" file="app.go : 25"
time="2023-07-05T08:13:18+03:00" level=info msg="start application" func="main.start()" file="app.go : 35"
time="2023-07-05T08:13:18+03:00" level=info msg="listen tcp" func="main.start()" file="app.go : 55"
time="2023-07-05T08:13:18+03:00" level=info msg="server is listening port 127.0.0.1:8080" func="main.start()" file="app.go : 57"
time="2023-07-05T08:13:38+03:00" level=info msg="create router" func="main.main()" file="app.go : 20"
time="2023-07-05T08:13:38+03:00" level=info msg="read application configuration" func="rest-api/internal/config.GetConfig.func1()" file="config.go : 33"
time="2023-07-05T08:13:38+03:00" level=info msg="register user handler" func="main.main()" file="app.go : 25"
time="2023-07-05T08:13:38+03:00" level=info msg="start application" func="main.start()" file="app.go : 35"
time="2023-07-05T08:13:38+03:00" level=info msg="listen tcp" func="main.start()" file="app.go : 55"
time="2023-07-05T08:13:38+03:00" level=info msg="server is listening port :" func="main.start()" file="app.go : 57"
time="2023-07-05T08:14:04+03:00" level=info msg="create router" func="main.main()" file="app.go : 20"
time="2023-07-05T08:14:04+03:00" level=info msg="read application configuration" func="rest-api/internal/config.GetConfig.func1()" file="config.go : 33"
time="2023-07-05T08:14:04+03:00" level=info msg="register user handler" func="main.main()" file="app.go : 25"
time="2023-07-05T08:14:04+03:00" level=info msg="start application" func="main.start()" file="app.go : 35"
time="2023-07-05T08:14:04+03:00" level=info msg="listen tcp" func="main.start()" file="app.go : 55"
time="2023-07-05T08:14:04+03:00" level=info msg="server is listening port :" func="main.start()" file="app.go : 57"
time="2023-07-05T08:14:19+03:00" level=info msg="create router" func="main.main()" file="app.go : 20"
time="2023-07-05T08:14:19+03:00" level=info msg="read application configuration" func="rest-api/internal/config.GetConfig.func1()" file="config.go : 33"
time="2023-07-05T08:14:19+03:00" level=info msg="register user handler" func="main.main()" file="app.go : 25"
time="2023-07-05T08:14:19+03:00" level=info msg="start application" func="main.start()" file="app.go : 35"
time="2023-07-05T08:14:19+03:00" level=info msg="listen tcp" func="main.start()" file="app.go : 55"
time="2023-07-05T08:14:19+03:00" level=info msg="server is listening port localhost:1337" func="main.start()" file="app.go : 57"
time="2023-07-05T08:14:55+03:00" level=info msg="create router" func="main.main()" file="app.go : 20"
time="2023-07-05T08:14:55+03:00" level=info msg="read application configuration" func="rest-api/internal/config.GetConfig.func1()" file="config.go : 33"
time="2023-07-05T08:14:55+03:00" level=info msg="register user handler" func="main.main()" file="app.go : 25"
time="2023-07-05T08:14:55+03:00" level=info msg="start application" func="main.start()" file="app.go : 35"
time="2023-07-05T08:14:55+03:00" level=info msg="listen tcp" func="main.start()" file="app.go : 55"
time="2023-07-05T08:14:55+03:00" level=info msg="server is listening port localhost:1337" func="main.start()" file="app.go : 57"
time="2023-07-05T08:15:07+03:00" level=info msg="create router" func="main.main()" file="app.go : 20"
time="2023-07-05T08:15:07+03:00" level=info msg="read application configuration" func="rest-api/internal/config.GetConfig.func1()" file="config.go : 33"
time="2023-07-05T08:15:07+03:00" level=info msg="register user handler" func="main.main()" file="app.go : 25"
time="2023-07-05T08:15:07+03:00" level=info msg="start application" func="main.start()" file="app.go : 35"
time="2023-07-05T08:15:07+03:00" level=info msg="create app path" func="main.start()" file="app.go : 41"
time="2023-07-05T08:15:07+03:00" level=info msg="create socket" func="main.start()" file="app.go : 46"
time="2023-07-05T08:15:07+03:00" level=info msg="listen unix socket" func="main.start()" file="app.go : 49"
time="2023-07-05T08:15:07+03:00" level=info msg="server is listening unix socket: C:\\Users\\123\\Desktop\\rest-api\\build/app.sock" func="main.start()" file="app.go : 52"
time="2023-07-05T08:15:07+03:00" level=panic msg="listen unix C:\\Users\\123\\Desktop\\rest-api\\build/app.sock: bind: Only one usage of each socket address (protocol/network address/port) is normally permitted." func="main.start()" file="app.go : 61"
time="2023-07-05T08:16:25+03:00" level=info msg="create router" func="main.main()" file="app.go : 20"
time="2023-07-05T08:16:25+03:00" level=info msg="read application configuration" func="rest-api/internal/config.GetConfig.func1()" file="config.go : 33"
time="2023-07-05T08:16:25+03:00" level=info msg="register user handler" func="main.main()" file="app.go : 25"
time="2023-07-05T08:16:25+03:00" level=info msg="start application" func="main.start()" file="app.go : 35"
time="2023-07-05T08:16:25+03:00" level=info msg="create app path" func="main.start()" file="app.go : 41"
time="2023-07-05T08:16:25+03:00" level=info msg="create socket" func="main.start()" file="app.go : 46"
time="2023-07-05T08:16:25+03:00" level=info msg="listen unix socket" func="main.start()" file="app.go : 49"
time="2023-07-05T08:16:25+03:00" level=info msg="server is listening unix socket: C:\\Users\\123\\Desktop\\rest-api\\build/app.sock" func="main.start()" file="app.go : 52"
time="2023-07-05T08:16:25+03:00" level=panic msg="listen unix C:\\Users\\123\\Desktop\\rest-api\\build/app.sock: bind: Only one usage of each socket address (protocol/network address/port) is normally permitted." func="main.start()" file="app.go : 61"
time="2023-07-05T08:16:41+03:00" level=info msg="create router" func="main.main()" file="app.go : 20"
time="2023-07-05T08:16:41+03:00" level=info msg="read application configuration" func="rest-api/internal/config.GetConfig.func1()" file="config.go : 33"
time="2023-07-05T08:16:41+03:00" level=info msg="register user handler" func="main.main()" file="app.go : 25"
time="2023-07-05T08:16:41+03:00" level=info msg="start application" func="main.start()" file="app.go : 35"
time="2023-07-05T08:16:41+03:00" level=info msg="listen tcp" func="main.start()" file="app.go : 55"
time="2023-07-05T08:16:41+03:00" level=info msg="server is listening port 127.0.0.1:8080" func="main.start()" file="app.go : 57"
time="2023-07-05T08:16:50+03:00" level=info msg="create router" func="main.main()" file="app.go : 20"
time="2023-07-05T08:16:50+03:00" level=info msg="read application configuration" func="rest-api/internal/config.GetConfig.func1()" file="config.go : 33"
time="2023-07-05T08:16:50+03:00" level=info msg="register user handler" func="main.main()" file="app.go : 25"
time="2023-07-05T08:16:50+03:00" level=info msg="start application" func="main.start()" file="app.go : 35"
time="2023-07-05T08:16:50+03:00" level=info msg="create app path" func="main.start()" file="app.go : 41"
time="2023-07-05T08:16:50+03:00" level=info msg="create socket" func="main.start()" file="app.go : 46"
time="2023-07-05T08:16:50+03:00" level=info msg="listen unix socket" func="main.start()" file="app.go : 49"
time="2023-07-05T08:16:50+03:00" level=info msg="server is listening unix socket: C:\\Users\\123\\Desktop\\rest-api\\build/app.sock" func="main.start()" file="app.go : 52"
time="2023-07-05T08:16:50+03:00" level=panic msg="listen unix C:\\Users\\123\\Desktop\\rest-api\\build/app.sock: bind: Only one usage of each socket address (protocol/network address/port) is normally permitted." func="main.start()" file="app.go : 61"
time="2023-07-05T08:17:03+03:00" level=info msg="create router" func="main.main()" file="app.go : 20"
time="2023-07-05T08:17:03+03:00" level=info msg="read application configuration" func="rest-api/internal/config.GetConfig.func1()" file="config.go : 33"
time="2023-07-05T08:17:03+03:00" level=info msg="register user handler" func="main.main()" file="app.go : 25"
time="2023-07-05T08:17:03+03:00" level=info msg="start application" func="main.start()" file="app.go : 35"
time="2023-07-05T08:17:03+03:00" level=info msg="listen tcp" func="main.start()" file="app.go : 55"
time="2023-07-05T08:17:03+03:00" level=info msg="server is listening port localhost:1337" func="main.start()" file="app.go : 57"
time="2023-07-10T10:20:10+03:00" level=info msg="create router" func="main.main()" file="app.go : 20"
time="2023-07-10T10:20:10+03:00" level=info msg="read application configuration" func="rest-api/internal/config.GetConfig.func1()" file="config.go : 33"
time="2023-07-10T10:20:10+03:00" level=info msg="register user handler" func="main.main()" file="app.go : 33"
time="2023-07-10T10:22:01+03:00" level=info msg="create router" func="main.main()" file="app.go : 20"
time="2023-07-10T10:22:01+03:00" level=info msg="read application configuration" func="rest-api/internal/config.GetConfig.func1()" file="config.go : 33"
time="2023-07-10T10:22:01+03:00" level=info msg="register user handler" func="main.main()" file="app.go : 33"
time="2023-07-10T10:23:22+03:00" level=info msg="create router" func="main.main()" file="app.go : 20"
time="2023-07-10T10:23:22+03:00" level=info msg="read application configuration" func="rest-api/internal/config.GetConfig.func1()" file="config.go : 33"
time="2023-07-10T10:23:22+03:00" level=info msg="register user handler" func="main.main()" file="app.go : 33"
time="2023-07-10T10:58:23+03:00" level=info msg="create router" func="main.main()" file="app.go : 20"
time="2023-07-10T10:58:23+03:00" level=info msg="read application configuration" func="rest-api/internal/config.GetConfig.func1()" file="config.go : 33"
time="2023-07-10T10:58:23+03:00" level=info msg="register user handler" func="main.main()" file="app.go : 33"
time="2023-07-10T11:00:11+03:00" level=info msg="create router" func="main.main()" file="app.go : 20"
time="2023-07-10T11:00:11+03:00" level=info msg="read application configuration" func="rest-api/internal/config.GetConfig.func1()" file="config.go : 33"
time="2023-07-10T11:00:11+03:00" level=info msg="register user handler" func="main.main()" file="app.go : 33"
time="2023-07-10T11:02:25+03:00" level=info msg="create router" func="main.main()" file="app.go : 20"
time="2023-07-10T11:02:25+03:00" level=info msg="read application configuration" func="rest-api/internal/config.GetConfig.func1()" file="config.go : 33"
time="2023-07-10T11:02:25+03:00" level=info msg="register user handler" func="main.main()" file="app.go : 33"
time="2023-07-10T11:02:25+03:00" level=info msg="start application" func="main.start()" file="app.go : 43"
time="2023-07-10T11:02:25+03:00" level=info msg="listen tcp" func="main.start()" file="app.go : 63"
time="2023-07-10T11:02:25+03:00" level=info msg="server is listening port 127.0.0.1:1234" func="main.start()" file="app.go : 65"
time="2023-07-10T11:13:14+03:00" level=info msg="create router" func="main.main()" file="app.go : 20"
time="2023-07-10T11:13:14+03:00" level=info msg="read application configuration" func="rest-api/internal/config.GetConfig.func1()" file="config.go : 33"
time="2023-07-10T11:13:14+03:00" level=info msg="register user handler" func="main.main()" file="app.go : 33"
time="2023-07-10T11:13:14+03:00" level=info msg="start application" func="main.start()" file="app.go : 43"
time="2023-07-10T11:13:14+03:00" level=info msg="create app path" func="main.start()" file="app.go : 49"
time="2023-07-10T11:13:14+03:00" level=info msg="create socket" func="main.start()" file="app.go : 54"
time="2023-07-10T11:13:14+03:00" level=info msg="listen unix socket" func="main.start()" file="app.go : 57"
time="2023-07-10T11:13:14+03:00" level=info msg="server is listening unix socket: C:\\Users\\123\\Desktop\\rest-api\\build/app.sock" func="main.start()" file="app.go : 60"
time="2023-07-10T11:18:46+03:00" level=info msg="create router" func="main.main()" file="app.go : 20"
time="2023-07-10T11:18:46+03:00" level=info msg="read application configuration" func="rest-api/internal/config.GetConfig.func1()" file="config.go : 33"
time="2023-07-10T11:18:46+03:00" level=info msg="register user handler" func="main.main()" file="app.go : 33"
time="2023-07-10T11:18:46+03:00" level=info msg="start application" func="main.start()" file="app.go : 43"
time="2023-07-10T11:18:46+03:00" level=info msg="listen tcp" func="main.start()" file="app.go : 63"
time="2023-07-10T11:18:46+03:00" level=info msg="server is listening port localhost:1234" func="main.start()" file="app.go : 65"
time="2023-07-10T11:18:51+03:00" level=info msg="create router" func="main.main()" file="app.go : 20"
time="2023-07-10T11:18:51+03:00" level=info msg="read application configuration" func="rest-api/internal/config.GetConfig.func1()" file="config.go : 33"
time="2023-07-10T11:18:51+03:00" level=info msg="register user handler" func="main.main()" file="app.go : 33"
time="2023-07-10T11:18:51+03:00" level=info msg="start application" func="main.start()" file="app.go : 43"
time="2023-07-10T11:18:51+03:00" level=info msg="listen tcp" func="main.start()" file="app.go : 63"
time="2023-07-10T11:18:51+03:00" level=info msg="server is listening port localhost:1234" func="main.start()" file="app.go : 65"
time="2023-07-10T11:44:00+03:00" level=info msg="create router" func="main.main()" file="app.go : 20"
time="2023-07-10T11:44:00+03:00" level=info msg="read application configuration" func="rest-api/internal/config.GetConfig.func1()" file="config.go : 33"
time="2023-07-10T11:44:00+03:00" level=info msg="register user handler" func="main.main()" file="app.go : 33"
time="2023-07-10T11:44:00+03:00" level=info msg="start application" func="main.start()" file="app.go : 43"
time="2023-07-10T11:44:00+03:00" level=info msg="listen tcp" func="main.start()" file="app.go : 63"
time="2023-07-10T11:44:00+03:00" level=info msg="server is listening port localhost:1337" func="main.start()" file="app.go : 65"
time="2023-07-10T11:49:38+03:00" level=info msg="create router" func="main.main()" file="app.go : 20"
time="2023-07-10T11:49:38+03:00" level=info msg="read application configuration" func="rest-api/internal/config.GetConfig.func1()" file="config.go : 33"
time="2023-07-10T11:49:38+03:00" level=info msg="register user handler" func="main.main()" file="app.go : 33"
time="2023-07-10T11:49:38+03:00" level=info msg="start application" func="main.start()" file="app.go : 43"
time="2023-07-10T11:49:38+03:00" level=info msg="listen tcp" func="main.start()" file="app.go : 63"
time="2023-07-10T11:49:39+03:00" level=info msg="server is listening port localhost:1337" func="main.start()" file="app.go : 65"
time="2023-07-10T12:12:55+03:00" level=info msg="create router" func="main.main()" file="app.go : 20"
time="2023-07-10T12:12:55+03:00" level=info msg="read application configuration" func="rest-api/internal/config.GetConfig.func1()" file="config.go : 33"
time="2023-07-10T12:12:55+03:00" level=info msg="register user handler" func="main.main()" file="app.go : 33"
time="2023-07-10T12:12:55+03:00" level=info msg="start application" func="main.start()" file="app.go : 43"
time="2023-07-10T12:12:55+03:00" level=info msg="listen tcp" func="main.start()" file="app.go : 63"
time="2023-07-10T12:12:55+03:00" level=info msg="server is listening port localhost:1337" func="main.start()" file="app.go : 65"
